生成启动时间为 2017/12/8 12:23:56。
     1>项目“C:\Users\Administrator\Desktop\串口烧录程序源码vs2010sp1 V2\uart\uart.vcxproj”在节点 2 上(rebuild 个目标)。
     1>InitializeBuildStatus:
         正在创建“Debug\uart.unsuccessfulbuild”，因为已指定“AlwaysCreate”。
       ClCompile:
         c:\Program Files (x86)\Microsoft Visual Studio 10.0\VC\bin\CL.exe /c /ZI /nologo /W3 /WX- /Od /Oy- /D WIN32 /D _WINDOWS /D _DEBUG /D _UNICODE /D UNICODE /Gm /EHsc /RTC1 /MTd /GS /fp:precise /Zc:wchar_t /Zc:forScope /Yc"StdAfx.h" /Fp"Debug\uart.pch" /Fo"Debug\\" /Fd"Debug\vc100.pdb" /Gd /TP /analyze- /errorReport:prompt stdafx.cpp
         stdafx.cpp
         c:\Program Files (x86)\Microsoft Visual Studio 10.0\VC\bin\CL.exe /c /ZI /nologo /W3 /WX- /Od /Oy- /D WIN32 /D _WINDOWS /D _DEBUG /D _UNICODE /D UNICODE /Gm /EHsc /RTC1 /MTd /GS /fp:precise /Zc:wchar_t /Zc:forScope /Yu"StdAfx.h" /Fp"Debug\uart.pch" /Fo"Debug\\" /Fd"Debug\vc100.pdb" /Gd /TP /analyze- /errorReport:prompt crc16.cpp mscomm1.cpp uart.cpp uartDlg.cpp
         uartDlg.cpp
     1>c:\users\administrator\desktop\串口烧录程序源码vs2010sp1 v2\uart\uartdlg.cpp(106): warning C4996: 'fopen': This function or variable may be unsafe. Consider using fopen_s instead. To disable deprecation, use _CRT_SECURE_NO_WARNINGS. See online help for details.
                 c:\program files (x86)\microsoft visual studio 10.0\vc\include\stdio.h(234) : 参见“fopen”的声明
     1>c:\users\administrator\desktop\串口烧录程序源码vs2010sp1 v2\uart\uartdlg.cpp(113): warning C4996: 'fopen': This function or variable may be unsafe. Consider using fopen_s instead. To disable deprecation, use _CRT_SECURE_NO_WARNINGS. See online help for details.
                 c:\program files (x86)\microsoft visual studio 10.0\vc\include\stdio.h(234) : 参见“fopen”的声明
     1>c:\users\administrator\desktop\串口烧录程序源码vs2010sp1 v2\uart\uartdlg.cpp(116): warning C4996: 'sprintf': This function or variable may be unsafe. Consider using sprintf_s instead. To disable deprecation, use _CRT_SECURE_NO_WARNINGS. See online help for details.
                 c:\program files (x86)\microsoft visual studio 10.0\vc\include\stdio.h(371) : 参见“sprintf”的声明
     1>c:\users\administrator\desktop\串口烧录程序源码vs2010sp1 v2\uart\uartdlg.cpp(132): warning C4996: 'sprintf': This function or variable may be unsafe. Consider using sprintf_s instead. To disable deprecation, use _CRT_SECURE_NO_WARNINGS. See online help for details.
                 c:\program files (x86)\microsoft visual studio 10.0\vc\include\stdio.h(371) : 参见“sprintf”的声明
     1>c:\users\administrator\desktop\串口烧录程序源码vs2010sp1 v2\uart\uartdlg.cpp(184): warning C4996: 'strncpy': This function or variable may be unsafe. Consider using strncpy_s instead. To disable deprecation, use _CRT_SECURE_NO_WARNINGS. See online help for details.
                 c:\program files (x86)\microsoft visual studio 10.0\vc\include\string.h(188) : 参见“strncpy”的声明
     1>c:\users\administrator\desktop\串口烧录程序源码vs2010sp1 v2\uart\uartdlg.cpp(206): warning C4018: “<”: 有符号/无符号不匹配
     1>c:\users\administrator\desktop\串口烧录程序源码vs2010sp1 v2\uart\uartdlg.cpp(214): warning C4018: “<”: 有符号/无符号不匹配
     1>c:\users\administrator\desktop\串口烧录程序源码vs2010sp1 v2\uart\uartdlg.cpp(225): warning C4018: “<”: 有符号/无符号不匹配
     1>c:\users\administrator\desktop\串口烧录程序源码vs2010sp1 v2\uart\uartdlg.cpp(228): warning C4018: “<”: 有符号/无符号不匹配
     1>c:\users\administrator\desktop\串口烧录程序源码vs2010sp1 v2\uart\uartdlg.cpp(246): warning C4018: “<”: 有符号/无符号不匹配
     1>c:\users\administrator\desktop\串口烧录程序源码vs2010sp1 v2\uart\uartdlg.cpp(248): warning C4018: “<”: 有符号/无符号不匹配
     1>c:\users\administrator\desktop\串口烧录程序源码vs2010sp1 v2\uart\uartdlg.cpp(286): warning C4996: 'fopen': This function or variable may be unsafe. Consider using fopen_s instead. To disable deprecation, use _CRT_SECURE_NO_WARNINGS. See online help for details.
                 c:\program files (x86)\microsoft visual studio 10.0\vc\include\stdio.h(234) : 参见“fopen”的声明
     1>c:\users\administrator\desktop\串口烧录程序源码vs2010sp1 v2\uart\uartdlg.cpp(289): warning C4996: 'fopen': This function or variable may be unsafe. Consider using fopen_s instead. To disable deprecation, use _CRT_SECURE_NO_WARNINGS. See online help for details.
                 c:\program files (x86)\microsoft visual studio 10.0\vc\include\stdio.h(234) : 参见“fopen”的声明
     1>c:\users\administrator\desktop\串口烧录程序源码vs2010sp1 v2\uart\uartdlg.cpp(298): warning C4996: 'fopen': This function or variable may be unsafe. Consider using fopen_s instead. To disable deprecation, use _CRT_SECURE_NO_WARNINGS. See online help for details.
                 c:\program files (x86)\microsoft visual studio 10.0\vc\include\stdio.h(234) : 参见“fopen”的声明
     1>c:\users\administrator\desktop\串口烧录程序源码vs2010sp1 v2\uart\uartdlg.cpp(330): warning C4996: 'strcpy': This function or variable may be unsafe. Consider using strcpy_s instead. To disable deprecation, use _CRT_SECURE_NO_WARNINGS. See online help for details.
                 c:\program files (x86)\microsoft visual studio 10.0\vc\include\string.h(105) : 参见“strcpy”的声明
     1>c:\users\administrator\desktop\串口烧录程序源码vs2010sp1 v2\uart\uartdlg.cpp(331): warning C4996: 'strcat': This function or variable may be unsafe. Consider using strcat_s instead. To disable deprecation, use _CRT_SECURE_NO_WARNINGS. See online help for details.
                 c:\program files (x86)\microsoft visual studio 10.0\vc\include\string.h(110) : 参见“strcat”的声明
     1>c:\users\administrator\desktop\串口烧录程序源码vs2010sp1 v2\uart\uartdlg.cpp(332): warning C4996: 'strcat': This function or variable may be unsafe. Consider using strcat_s instead. To disable deprecation, use _CRT_SECURE_NO_WARNINGS. See online help for details.
                 c:\program files (x86)\microsoft visual studio 10.0\vc\include\string.h(110) : 参见“strcat”的声明
     1>c:\users\administrator\desktop\串口烧录程序源码vs2010sp1 v2\uart\uartdlg.cpp(333): warning C4996: 'strcat': This function or variable may be unsafe. Consider using strcat_s instead. To disable deprecation, use _CRT_SECURE_NO_WARNINGS. See online help for details.
                 c:\program files (x86)\microsoft visual studio 10.0\vc\include\string.h(110) : 参见“strcat”的声明
     1>c:\users\administrator\desktop\串口烧录程序源码vs2010sp1 v2\uart\uartdlg.cpp(344): warning C4996: 'strcpy': This function or variable may be unsafe. Consider using strcpy_s instead. To disable deprecation, use _CRT_SECURE_NO_WARNINGS. See online help for details.
                 c:\program files (x86)\microsoft visual studio 10.0\vc\include\string.h(105) : 参见“strcpy”的声明
     1>c:\users\administrator\desktop\串口烧录程序源码vs2010sp1 v2\uart\uartdlg.cpp(345): warning C4996: 'strcat': This function or variable may be unsafe. Consider using strcat_s instead. To disable deprecation, use _CRT_SECURE_NO_WARNINGS. See online help for details.
                 c:\program files (x86)\microsoft visual studio 10.0\vc\include\string.h(110) : 参见“strcat”的声明
     1>c:\users\administrator\desktop\串口烧录程序源码vs2010sp1 v2\uart\uartdlg.cpp(346): warning C4996: 'strcat': This function or variable may be unsafe. Consider using strcat_s instead. To disable deprecation, use _CRT_SECURE_NO_WARNINGS. See online help for details.
                 c:\program files (x86)\microsoft visual studio 10.0\vc\include\string.h(110) : 参见“strcat”的声明
     1>c:\users\administrator\desktop\串口烧录程序源码vs2010sp1 v2\uart\uartdlg.cpp(347): warning C4996: 'strcat': This function or variable may be unsafe. Consider using strcat_s instead. To disable deprecation, use _CRT_SECURE_NO_WARNINGS. See online help for details.
                 c:\program files (x86)\microsoft visual studio 10.0\vc\include\string.h(110) : 参见“strcat”的声明
     1>c:\users\administrator\desktop\串口烧录程序源码vs2010sp1 v2\uart\uartdlg.cpp(360): warning C4996: 'fopen': This function or variable may be unsafe. Consider using fopen_s instead. To disable deprecation, use _CRT_SECURE_NO_WARNINGS. See online help for details.
                 c:\program files (x86)\microsoft visual studio 10.0\vc\include\stdio.h(234) : 参见“fopen”的声明
     1>c:\users\administrator\desktop\串口烧录程序源码vs2010sp1 v2\uart\uartdlg.cpp(363): warning C4996: 'fopen': This function or variable may be unsafe. Consider using fopen_s instead. To disable deprecation, use _CRT_SECURE_NO_WARNINGS. See online help for details.
                 c:\program files (x86)\microsoft visual studio 10.0\vc\include\stdio.h(234) : 参见“fopen”的声明
     1>c:\users\administrator\desktop\串口烧录程序源码vs2010sp1 v2\uart\uartdlg.cpp(378): warning C4996: 'strcat': This function or variable may be unsafe. Consider using strcat_s instead. To disable deprecation, use _CRT_SECURE_NO_WARNINGS. See online help for details.
                 c:\program files (x86)\microsoft visual studio 10.0\vc\include\string.h(110) : 参见“strcat”的声明
     1>c:\users\administrator\desktop\串口烧录程序源码vs2010sp1 v2\uart\uartdlg.cpp(379): warning C4996: 'strcat': This function or variable may be unsafe. Consider using strcat_s instead. To disable deprecation, use _CRT_SECURE_NO_WARNINGS. See online help for details.
                 c:\program files (x86)\microsoft visual studio 10.0\vc\include\string.h(110) : 参见“strcat”的声明
     1>c:\users\administrator\desktop\串口烧录程序源码vs2010sp1 v2\uart\uartdlg.cpp(843): warning C4996: 'sprintf': This function or variable may be unsafe. Consider using sprintf_s instead. To disable deprecation, use _CRT_SECURE_NO_WARNINGS. See online help for details.
                 c:\program files (x86)\microsoft visual studio 10.0\vc\include\stdio.h(371) : 参见“sprintf”的声明
     1>c:\users\administrator\desktop\串口烧录程序源码vs2010sp1 v2\uart\uartdlg.cpp(849): warning C4996: 'sprintf': This function or variable may be unsafe. Consider using sprintf_s instead. To disable deprecation, use _CRT_SECURE_NO_WARNINGS. See online help for details.
                 c:\program files (x86)\microsoft visual studio 10.0\vc\include\stdio.h(371) : 参见“sprintf”的声明
     1>c:\users\administrator\desktop\串口烧录程序源码vs2010sp1 v2\uart\uartdlg.cpp(933): warning C4996: 'fopen': This function or variable may be unsafe. Consider using fopen_s instead. To disable deprecation, use _CRT_SECURE_NO_WARNINGS. See online help for details.
                 c:\program files (x86)\microsoft visual studio 10.0\vc\include\stdio.h(234) : 参见“fopen”的声明
     1>c:\users\administrator\desktop\串口烧录程序源码vs2010sp1 v2\uart\uartdlg.cpp(936): warning C4996: 'sprintf': This function or variable may be unsafe. Consider using sprintf_s instead. To disable deprecation, use _CRT_SECURE_NO_WARNINGS. See online help for details.
                 c:\program files (x86)\microsoft visual studio 10.0\vc\include\stdio.h(371) : 参见“sprintf”的声明
     1>c:\users\administrator\desktop\串口烧录程序源码vs2010sp1 v2\uart\uartdlg.cpp(955): warning C4996: 'sprintf': This function or variable may be unsafe. Consider using sprintf_s instead. To disable deprecation, use _CRT_SECURE_NO_WARNINGS. See online help for details.
                 c:\program files (x86)\microsoft visual studio 10.0\vc\include\stdio.h(371) : 参见“sprintf”的声明
     1>c:\users\administrator\desktop\串口烧录程序源码vs2010sp1 v2\uart\uartdlg.cpp(956): warning C4996: 'sprintf': This function or variable may be unsafe. Consider using sprintf_s instead. To disable deprecation, use _CRT_SECURE_NO_WARNINGS. See online help for details.
                 c:\program files (x86)\microsoft visual studio 10.0\vc\include\stdio.h(371) : 参见“sprintf”的声明
     1>c:\users\administrator\desktop\串口烧录程序源码vs2010sp1 v2\uart\uartdlg.cpp(958): warning C4996: 'sprintf': This function or variable may be unsafe. Consider using sprintf_s instead. To disable deprecation, use _CRT_SECURE_NO_WARNINGS. See online help for details.
                 c:\program files (x86)\microsoft visual studio 10.0\vc\include\stdio.h(371) : 参见“sprintf”的声明
     1>c:\users\administrator\desktop\串口烧录程序源码vs2010sp1 v2\uart\uartdlg.cpp(960): warning C4996: 'sprintf': This function or variable may be unsafe. Consider using sprintf_s instead. To disable deprecation, use _CRT_SECURE_NO_WARNINGS. See online help for details.
                 c:\program files (x86)\microsoft visual studio 10.0\vc\include\stdio.h(371) : 参见“sprintf”的声明
         uart.cpp
         mscomm1.cpp
         crc16.cpp
         正在生成代码...
       ResourceCompile:
         C:\Program Files (x86)\Microsoft SDKs\Windows\v7.0A\bin\rc.exe /D _DEBUG /D _UNICODE /D UNICODE /l"0x0804" /IDebug\ /nologo /fo"Debug\uart.res" uart.rc 
       ManifestResourceCompile:
         C:\Program Files (x86)\Microsoft SDKs\Windows\v7.0A\bin\rc.exe /nologo /fo"Debug\uart.exe.embed.manifest.res" Debug\uart_manifest.rc 
       Link:
         c:\Program Files (x86)\Microsoft Visual Studio 10.0\VC\bin\link.exe /ERRORREPORT:PROMPT /OUT:"C:\Users\Administrator\Desktop\串口烧录程序源码vs2010sp1 V2\Debug\uart.exe" /INCREMENTAL /NOLOGO /MANIFEST /ManifestFile:"Debug\uart.exe.intermediate.manifest" /MANIFESTUAC:"level='asInvoker' uiAccess='false'" /DEBUG /PDB:"C:\Users\Administrator\Desktop\串口烧录程序源码vs2010sp1 V2\Debug\uart.pdb" /SUBSYSTEM:WINDOWS /TLBID:1 /ENTRY:"wWinMainCRTStartup" /DYNAMICBASE /NXCOMPAT /IMPLIB:"C:\Users\Administrator\Desktop\串口烧录程序源码vs2010sp1 V2\Debug\uart.lib" /MACHINE:X86 Debug\uart.res
         Debug\uart.exe.embed.manifest.res
         Debug\crc16.obj
         Debug\mscomm1.obj
         Debug\stdafx.obj
         Debug\uart.obj
         Debug\uartDlg.obj
       Manifest:
         正在删除文件“Debug\uart.exe.embed.manifest”。
         C:\Program Files (x86)\Microsoft SDKs\Windows\v7.0A\bin\mt.exe /nologo /verbose /out:"Debug\uart.exe.embed.manifest" /manifest Debug\uart.exe.intermediate.manifest "c:\Program Files (x86)\Microsoft Visual Studio 10.0\VC\Include\Manifest\dpiaware.manifest"
         C:\Program Files (x86)\Microsoft SDKs\Windows\v7.0A\bin\rc.exe /nologo /fo"Debug\uart.exe.embed.manifest.res" Debug\uart_manifest.rc 
       LinkEmbedManifest:
         c:\Program Files (x86)\Microsoft Visual Studio 10.0\VC\bin\link.exe /ERRORREPORT:PROMPT /OUT:"C:\Users\Administrator\Desktop\串口烧录程序源码vs2010sp1 V2\Debug\uart.exe" /INCREMENTAL /NOLOGO /MANIFEST /ManifestFile:"Debug\uart.exe.intermediate.manifest" /MANIFESTUAC:"level='asInvoker' uiAccess='false'" /DEBUG /PDB:"C:\Users\Administrator\Desktop\串口烧录程序源码vs2010sp1 V2\Debug\uart.pdb" /SUBSYSTEM:WINDOWS /TLBID:1 /ENTRY:"wWinMainCRTStartup" /DYNAMICBASE /NXCOMPAT /IMPLIB:"C:\Users\Administrator\Desktop\串口烧录程序源码vs2010sp1 V2\Debug\uart.lib" /MACHINE:X86 Debug\uart.res
         Debug\uart.exe.embed.manifest.res
         Debug\crc16.obj
         Debug\mscomm1.obj
         Debug\stdafx.obj
         Debug\uart.obj
         Debug\uartDlg.obj
         uart.vcxproj -> C:\Users\Administrator\Desktop\串口烧录程序源码vs2010sp1 V2\Debug\uart.exe
       FinalizeBuildStatus:
         正在删除文件“Debug\uart.unsuccessfulbuild”。
         正在对“Debug\uart.lastbuildstate”执行 Touch 任务。
     1>已完成生成项目“C:\Users\Administrator\Desktop\串口烧录程序源码vs2010sp1 V2\uart\uart.vcxproj”(rebuild 个目标)的操作。

生成成功。

已用时间 00:00:13.97
