C:\USERS\ADMINISTRATOR\DESKTOP\串口烧录程序源码VS2010SP1 V2\RELEASE\UART.EXE
C:\USERS\ADMINISTRATOR\DESKTOP\串口烧录程序源码VS2010SP1 V2\RELEASE\UART.PDB
C:\USERS\ADMINISTRATOR\DESKTOP\串口烧录程序源码VS2010SP1 V2\UART\RELEASE\CRC16.OBJ
C:\USERS\ADMINISTRATOR\DESKTOP\串口烧录程序源码VS2010SP1 V2\UART\RELEASE\MSCOMM1.OBJ
C:\USERS\ADMINISTRATOR\DESKTOP\串口烧录程序源码VS2010SP1 V2\UART\RELEASE\STDAFX.OBJ
C:\USERS\ADMINISTRATOR\DESKTOP\串口烧录程序源码VS2010SP1 V2\UART\RELEASE\UART.EXE.INTERMEDIATE.MANIFEST
C:\USERS\ADMINISTRATOR\DESKTOP\串口烧录程序源码VS2010SP1 V2\UART\RELEASE\UART.OBJ
C:\USERS\ADMINISTRATOR\DESKTOP\串口烧录程序源码VS2010SP1 V2\UART\RELEASE\UART.PCH
C:\USERS\ADMINISTRATOR\DESKTOP\串口烧录程序源码VS2010SP1 V2\UART\RELEASE\UART.RES
C:\USERS\ADMINISTRATOR\DESKTOP\串口烧录程序源码VS2010SP1 V2\UART\RELEASE\UARTDLG.OBJ
C:\USERS\ADMINISTRATOR\DESKTOP\串口烧录程序源码VS2010SP1 V2\UART\RELEASE\VC100.PDB
Z:\ls1c_build\pmon_new\uart_tool_for_ls\ls1c_uart_tool\Release\uart.exe
Z:\ls1c_build\pmon_new\uart_tool_for_ls\ls1c_uart_tool\Release\uart.pdb
Z:\ls1c_build\pmon_new\uart_tool_for_ls\ls1c_uart_tool\uart\Release\cl.command.1.tlog
Z:\ls1c_build\pmon_new\uart_tool_for_ls\ls1c_uart_tool\uart\Release\CL.read.1.tlog
Z:\ls1c_build\pmon_new\uart_tool_for_ls\ls1c_uart_tool\uart\Release\CL.write.1.tlog
Z:\ls1c_build\pmon_new\uart_tool_for_ls\ls1c_uart_tool\uart\Release\crc16.obj
Z:\ls1c_build\pmon_new\uart_tool_for_ls\ls1c_uart_tool\uart\Release\link.command.1.tlog
Z:\ls1c_build\pmon_new\uart_tool_for_ls\ls1c_uart_tool\uart\Release\link.read.1.tlog
Z:\ls1c_build\pmon_new\uart_tool_for_ls\ls1c_uart_tool\uart\Release\link.write.1.tlog
Z:\ls1c_build\pmon_new\uart_tool_for_ls\ls1c_uart_tool\uart\Release\link-cvtres.read.1.tlog
Z:\ls1c_build\pmon_new\uart_tool_for_ls\ls1c_uart_tool\uart\Release\link-cvtres.write.1.tlog
Z:\ls1c_build\pmon_new\uart_tool_for_ls\ls1c_uart_tool\uart\Release\mscomm1.obj
Z:\ls1c_build\pmon_new\uart_tool_for_ls\ls1c_uart_tool\uart\Release\mt.command.1.tlog
Z:\ls1c_build\pmon_new\uart_tool_for_ls\ls1c_uart_tool\uart\Release\mt.read.1.tlog
Z:\ls1c_build\pmon_new\uart_tool_for_ls\ls1c_uart_tool\uart\Release\mt.write.1.tlog
Z:\ls1c_build\pmon_new\uart_tool_for_ls\ls1c_uart_tool\uart\Release\rc.command.1.tlog
Z:\ls1c_build\pmon_new\uart_tool_for_ls\ls1c_uart_tool\uart\Release\rc.read.1.tlog
Z:\ls1c_build\pmon_new\uart_tool_for_ls\ls1c_uart_tool\uart\Release\rc.write.1.tlog
Z:\ls1c_build\pmon_new\uart_tool_for_ls\ls1c_uart_tool\uart\Release\stdafx.obj
Z:\ls1c_build\pmon_new\uart_tool_for_ls\ls1c_uart_tool\uart\Release\uart.exe.intermediate.manifest
Z:\ls1c_build\pmon_new\uart_tool_for_ls\ls1c_uart_tool\uart\Release\uart.obj
Z:\ls1c_build\pmon_new\uart_tool_for_ls\ls1c_uart_tool\uart\Release\uart.pch
Z:\ls1c_build\pmon_new\uart_tool_for_ls\ls1c_uart_tool\uart\Release\uart.res
Z:\ls1c_build\pmon_new\uart_tool_for_ls\ls1c_uart_tool\uart\Release\uart.write.1.tlog
Z:\ls1c_build\pmon_new\uart_tool_for_ls\ls1c_uart_tool\uart\Release\uartDlg.obj
Z:\ls1c_build\pmon_new\uart_tool_for_ls\ls1c_uart_tool\uart\Release\vc100.pdb
